<?xml version="1.0" encoding="UTF-8"?>
<testng-results ignored="0" total="1" passed="1" failed="0" skipped="0">
  <reporter-output>
  </reporter-output>
  <suite started-at="2024-01-20T17:10:35Z" name="Default suite" finished-at="2024-01-20T17:11:00Z" duration-ms="24919">
    <groups>
    </groups>
    <test started-at="2024-01-20T17:10:35Z" name="Default test" finished-at="2024-01-20T17:11:00Z" duration-ms="24919">
      <class name="prueba.pruebaTest">
        <test-method signature="f()[pri:0, instance:prueba.pruebaTest@1f53a5dc]" started-at="2024-01-20T12:10:35Z" name="f" finished-at="2024-01-20T12:11:00Z" duration-ms="24904" status="PASS">
          <reporter-output>
          </reporter-output>
        </test-method> <!-- f -->
      </class> <!-- prueba.pruebaTest -->
    </test> <!-- Default test -->
  </suite> <!-- Default suite -->
</testng-results>
